Build started 6/12/2016 11:11:46 AM.
     1>Project "C:\projects\alex\carbonsavvy\CSim\carbSav_Sim\carbSav_Sim\carbSav_Sim.vcxproj" on node 2 (build target(s)).
     1>InitializeBuildStatus:
         Creating "Debug\carbSav_Sim.unsuccessfulbuild" because "AlwaysCreate" was specified.
       ClCompile:
         All outputs are up-to-date.
         c:\Program Files (x86)\Microsoft Visual Studio 10.0\VC\bin\CL.exe /c /ZI /nologo /W3 /WX- /Od /Oy- /D WIN32 /D _DEBUG /D _CONSOLE /D _UNICODE /D UNICODE /Gm /EHsc /RTC1 /MDd /GS /fp:precise /Zc:wchar_t /Zc:forScope /Yu"StdAfx.h" /Fp"Debug\carbSav_Sim.pch" /Fo"Debug\\" /Fd"Debug\vc100.pdb" /Gd /TP /analyze- /errorReport:prompt carbSav_Sim.cpp
         carbSav_Sim.cpp
     1>c:\projects\alex\carbonsavvy\csim\carbsav_sim\carbsav_sim\carbsav_sim.cpp(104): warning C4244: '=' : conversion from 'int' to 'float', possible loss of data
     1>c:\projects\alex\carbonsavvy\csim\carbsav_sim\carbsav_sim\carbsav_sim.cpp(149): warning C4244: '=' : conversion from 'float' to 'int', possible loss of data
     1>c:\projects\alex\carbonsavvy\csim\carbsav_sim\carbsav_sim\carbsav_sim.cpp(192): warning C4700: uninitialized local variable 'CurrDiet' used
       ManifestResourceCompile:
         All outputs are up-to-date.
       Link:
         c:\Program Files (x86)\Microsoft Visual Studio 10.0\VC\bin\link.exe /ERRORREPORT:PROMPT /OUT:"C:\projects\alex\carbonsavvy\CSim\carbSav_Sim\carbSav_Sim\Debug\carbSav_Sim.exe" /INCREMENTAL /NOLOGO kernel32.lib user32.lib gdi32.lib winspool.lib comdlg32.lib advapi32.lib shell32.lib ole32.lib oleaut32.lib uuid.lib odbc32.lib odbccp32.lib /MANIFEST /ManifestFile:"Debug\carbSav_Sim.exe.intermediate.manifest" /MANIFESTUAC:"level='asInvoker' uiAccess='false'" /DEBUG /PDB:"C:\projects\alex\carbonsavvy\CSim\carbSav_Sim\carbSav_Sim\Debug\carbSav_Sim.pdb" /SUBSYSTEM:CONSOLE /TLBID:1 /DYNAMICBASE /NXCOMPAT /IMPLIB:"C:\projects\alex\carbonsavvy\CSim\carbSav_Sim\carbSav_Sim\Debug\carbSav_Sim.lib" /MACHINE:X86 Debug\carbSav_Sim.exe.embed.manifest.res
         Debug\Algo.obj
         Debug\carbSav_Sim.obj
         Debug\stdafx.obj
       Manifest:
         C:\Program Files (x86)\Microsoft SDKs\Windows\v7.0A\bin\mt.exe /nologo /verbose /out:"Debug\carbSav_Sim.exe.embed.manifest" /manifest Debug\carbSav_Sim.exe.intermediate.manifest
         All outputs are up-to-date.
       LinkEmbedManifest:
         All outputs are up-to-date.
         carbSav_Sim.vcxproj -> C:\projects\alex\carbonsavvy\CSim\carbSav_Sim\carbSav_Sim\Debug\carbSav_Sim.exe
       FinalizeBuildStatus:
         Deleting file "Debug\carbSav_Sim.unsuccessfulbuild".
         Touching "Debug\carbSav_Sim.lastbuildstate".
     1>Done Building Project "C:\projects\alex\carbonsavvy\CSim\carbSav_Sim\carbSav_Sim\carbSav_Sim.vcxproj" (build target(s)).

Build succeeded.

Time Elapsed 00:00:02.12
